<?xml version="1.0" encoding="UTF-8"?>
<testsuite xmlns:xsi="http://www.w3.org/2001/XMLSchema-instance" xsi:noNamespaceSchemaLocation="https://maven.apache.org/surefire/maven-surefire-plugin/xsd/surefire-test-report.xsd" version="3.0.2" name="trainingxyz.ApiTest" time="1.926" tests="10" errors="0" skipped="0" failures="0">
  <properties>
[...]
</properties>
  <testcase name="updateProduct" classname="trainingxyz.ApiTest" time="0.979">
    <system-out><![CDATA[{
    "message": "Product updated"
}
]]></system-out>
  </testcase>
  <testcase name="getDeserializedProduct" classname="trainingxyz.ApiTest" time="0.229"/>
  <testcase name="getComplexResponseBodyProduct" classname="trainingxyz.ApiTest" time="0.44">
    <system-out><![CDATA[{
    "records": [
        {
            "id": "42",
            "name": "Water Bottle",
            "description": "Blue water bottle",
            "price": "12.00",
            "category_id": "3",
            "category_name": "Active Wear - Unisex"
        },
        {
            "id": "43",
            "name": "Water Bottle",
            "description": "Blue Water Bootle, Holds 64 ounces",
            "price": "12.00",
            "category_id": "3",
            "category_name": "Active Wear - Unisex"
        },
        {
            "id": "40",
            "name": "Water Bottle",
            "description": "Blue water bottle",
            "price": "12.00",
            "category_id": "3",
            "category_name": "Active Wear - Unisex"
        },
        {
            "id": "41",
            "name": "Water Bottle",
            "description": "Blue Water Bootle, Holds 64 ounces",
            "price": "12.00",
            "category_id": "3",
            "category_name": "Active Wear - Unisex"
        },
        {
            "id": "38",
            "name": "Water Bottle",
            "description": "Blue water bottle",
            "price": "12.00",
            "category_id": "3",
            "category_name": "Active Wear - Unisex"
        },
        {
            "id": "39",
            "name": "Water Bottle",
            "description": "Blue Water Bootle, Holds 64 ounces",
            "price": "12.00",
            "category_id": "3",
            "category_name": "Active Wear - Unisex"
        },
        {
            "id": "36",
            "name": "Water Bottle",
            "description": "Blue water bottle",
            "price": "12.00",
            "category_id": "3",
            "category_name": "Active Wear - Unisex"
        },
        {
            "id": "37",
            "name": "Water Bottle",
            "description": "Blue Water Bootle, Holds 64 ounces",
            "price": "12.00",
            "category_id": "3",
            "category_name": "Active Wear - Unisex"
        },
        {
            "id": "34",
            "name": "Water Bottle",
            "description": "Blue water bottle",
            "price": "12.00",
            "category_id": "3",
            "category_name": "Active Wear - Unisex"
        },
        {
            "id": "35",
            "name": "Water Bottle",
            "description": "Blue Water Bootle, Holds 64 ounces",
            "price": "12.00",
            "category_id": "3",
            "category_name": "Active Wear - Unisex"
        },
        {
            "id": "32",
            "name": "Water Bottle",
            "description": "Blue water bottle",
            "price": "12.00",
            "category_id": "3",
            "category_name": "Active Wear - Unisex"
        },
        {
            "id": "33",
            "name": "Water Bottle",
            "description": "Blue Water Bootle, Holds 64 ounces",
            "price": "12.00",
            "category_id": "3",
            "category_name": "Active Wear - Unisex"
        },
        {
            "id": "30",
            "name": "Water Bottle",
            "description": "Blue water bottle",
            "price": "12.00",
            "category_id": "3",
            "category_name": "Active Wear - Unisex"
        },
        {
            "id": "31",
            "name": "Water Bottle",
            "description": "Blue Water Bootle, Holds 64 ounces",
            "price": "12.00",
            "category_id": "3",
            "category_name": "Active Wear - Unisex"
        },
        {
            "id": "28",
            "name": "Water Bottle",
            "description": "Blue water bottle",
            "price": "12.00",
            "category_id": "3",
            "category_name": "Active Wear - Unisex"
        },
        {
            "id": "29",
            "name": "Water Bottle",
            "description": "Blue Water Bootle, Holds 64 ounces",
            "price": "12.00",
            "category_id": "3",
            "category_name": "Active Wear - Unisex"
        },
        {
            "id": "27",
            "name": "Water Bottle",
            "description": "Blue Water Bootle, Holds 64 ounces",
            "price": "12.00",
            "category_id": "3",
            "category_name": "Active Wear - Unisex"
        },
        {
            "id": "26",
            "name": "Water Bottle",
            "description": "Blue water bottle",
            "price": "12.00",
            "category_id": "3",
            "category_name": "Active Wear - Unisex"
        },
        {
            "id": "24",
            "name": "Water Bottle",
            "description": "Blue water bottle",
            "price": "12.00",
            "category_id": "3",
            "category_name": "Active Wear - Unisex"
        },
        {
            "id": "25",
            "name": "Water Bottle",
            "description": "Blue Water Bootle, Holds 64 ounces",
            "price": "12.00",
            "category_id": "3",
            "category_name": "Active Wear - Unisex"
        },
        {
            "id": "23",
            "name": "Water Bottle",
            "description": "Blue Water Bootle, Holds 64 ounces",
            "price": "12.00",
            "category_id": "3",
            "category_name": "Active Wear - Unisex"
        },
        {
            "id": "21",
            "name": "Water Bottle",
            "description": "Blue water bottle",
            "price": "12.00",
            "category_id": "3",
            "category_name": "Active Wear - Unisex"
        },
        {
            "id": "20",
            "name": "Water Bottle",
            "description": "Blue Water Bootle, Holds 64 ounces",
            "price": "12.00",
            "category_id": "3",
            "category_name": "Active Wear - Unisex"
        },
        {
            "id": "19",
            "name": "Water Bottle",
            "description": "Blue Water Bootle, Holds 64 ounces",
            "price": "15.00",
            "category_id": "3",
            "category_name": "Active Wear - Unisex"
        },
        {
            "id": "18",
            "name": "Multi-Vitamin (90 capsules)",
            "description": "A daily dose of our Multi-Vitamins fulfills a day’s nutritional needs for over 12 vitamins and minerals.",
            "price": "10.00",
            "category_id": "4",
            "category_name": "Supplements"
        },
        {
            "id": "17",
            "name": "Magnesium 250 mg (100 tablets)",
            "description": "Magnesium is critical to many bodily processes, and supports nerve, muscle, and heart function.",
            "price": "12.00",
            "category_id": "4",
            "category_name": "Supplements"
        },
        {
            "id": "16",
            "name": "Iron 65 mg (150 caplets)",
            "description": "Iron: Re+vive, re+fuel, re+generate, naturally, with H+SPORT Iron. Our supplements are sourced from the purest ingredients—and potency is proven in independent laboratory tests. Iron is essential for transporting oxygen in the body and for the formation of red blood cells.",
            "price": "14.00",
            "category_id": "4",
            "category_name": "Supplements"
        },
        {
            "id": "15",
            "name": "Flaxseed Oil 1000 mg (90 capsule",
            "description": "Our Flaxseed Oil contains Omegas 3, 6, and 9 for a heart-healthy option without the use of fish oil.",
            "price": "12.00",
            "category_id": "4",
            "category_name": "Supplements"
        },
        {
            "id": "14",
            "name": "Calcium 400 IU (150 tablets)",
            "description": "Our Calcium supports strong bones and teeth and may help prevent osteoporosis.",
            "price": "10.00",
            "category_id": "4",
            "category_name": "Supplements"
        },
        {
            "id": "13",
            "name": "V-Neck Sweater",
            "description": "This medium-weight sweater, made from organic knitted cotton and bamboo, is the perfect solution to a chilly night at the campground or a misty walk on the beach.",
            "price": "65.00",
            "category_id": "1",
            "category_name": "Active Wear - Men"
        },
        {
            "id": "12",
            "name": "V-Neck Pullover",
            "description": "This organic hemp jersey pullover is perfect in a pinch. Wear for casual days at the office, a game of hoops after work, or running your weekend errands.",
            "price": "65.00",
            "category_id": "1",
            "category_name": "Active Wear - Men"
        },
        {
            "id": "11",
            "name": "Thermal Fleece Jacket",
            "description": "Cool red shirt!aOur thermal organic fleece jacket, is brushed on both sides for ultra softness and warmth. This medium-weight jacket is versatile all year around, and can be worn with layers for the winter season.",
            "price": "60.00",
            "category_id": "1",
            "category_name": "Active Wear - Men"
        },
        {
            "id": "10",
            "name": "Skater Graphic T-Shirt",
            "description": "Hip at the skate park or around down, our pre-shrunk organic cotton graphic T-shirt has you covered.",
            "price": "33.00",
            "category_id": "1",
            "category_name": "Active Wear - Men"
        },
        {
            "id": "9",
            "name": "Polo Shirt",
            "description": "Our pre-shrunk organic cotton polo shirt is perfect for weekend activities, lounging around the house, and casual days at the office. With its triple-stitched sleeves and waistband, our polo has maximum durability.",
            "price": "35.00",
            "category_id": "1",
            "category_name": "Active Wear - Men"
        },
        {
            "id": "8",
            "name": "V-Neck T-Shirt",
            "description": "Our pre-shrunk organic cotton t-shirt, with its slightly fitted waist and elegant V-neck is designed to flatter. You’ll want one in every color!",
            "price": "17.00",
            "category_id": "3",
            "category_name": "Active Wear - Unisex"
        },
        {
            "id": "7",
            "name": "Unisex Thermal Vest",
            "description": "Our thermal vest, made from organic bamboo with recycled plastic down filling, is a favorite of both men and women. You’ll help the environment, and have a wear-easy piece for many occasions.",
            "price": "95.00",
            "category_id": "3",
            "category_name": "Active Wear - Unisex"
        },
        {
            "id": "6",
            "name": "UItra-Soft Tank Top",
            "description": "This versatile tank can be worn in the gym, under a blazer, or for a day out in the sun. Made from our patented organic bamboo and cotton mix, our ultra-soft tank never stops feeling soft, even when you forget the fabric softener.",
            "price": "22.00",
            "category_id": "2",
            "category_name": "Active Wear - Women"
        },
        {
            "id": "5",
            "name": "Stretchy Dance Pants",
            "description": "Whether dancing the samba, mastering a yoga pose, or scaling the climbing wall, our stretchy dance pants, made from 80% organic cotton and 20% Lycra, are the most versatile and comfortable workout pants you’ll ever have the pleasure of wearing.",
            "price": "55.00",
            "category_id": "2",
            "category_name": "Active Wear - Women"
        },
        {
            "id": "4",
            "name": "Slicker Jacket",
            "description": "Wind and rain are no match for our organic bamboo slicker jacket for men and women. Triple stitched seams, zippered pockets, and a stay-tight hood are just a few features of our best-selling jacket.",
            "price": "125.00",
            "category_id": "3",
            "category_name": "Active Wear - Unisex"
        },
        {
            "id": "3",
            "name": "Grunge Skater Jeans",
            "description": "Our boy-cut jeans are for men and women who appreciate that skate park fashions aren’t just for skaters. Made from the softest and most flexible organic cotton denim.",
            "price": "68.00",
            "category_id": "3",
            "category_name": "Active Wear - Unisex"
        },
        {
            "id": "2",
            "name": "Cross-Back Training Tank",
            "description": "The most awesome phone of 2013!",
            "price": "299.00",
            "category_id": "2",
            "category_name": "Active Wear - Women"
        },
        {
            "id": "1",
            "name": "Bamboo Thermal Ski Coat",
            "description": "You’ll be the most environmentally conscious skier on the slopes – and the most stylish – wearing our fitted bamboo thermal ski coat, made from organic bamboo with recycled plastic down filling.",
            "price": "99.00",
            "category_id": "2",
            "category_name": "Active Wear - Women"
        }
    ]
}
]]></system-out>
  </testcase>
  <testcase name="deleteProduct" classname="trainingxyz.ApiTest" time="0.021">
    <system-out><![CDATA[{
    "message": "Product was deleted."
}
]]></system-out>
  </testcase>
  <testcase name="getProduct" classname="trainingxyz.ApiTest" time="0.03"/>
  <testcase name="getProductResponseFields" classname="trainingxyz.ApiTest" time="0.052"/>
  <testcase name="getCategories" classname="trainingxyz.ApiTest" time="0.01">
    <system-out><![CDATA[{
    "records": [
        {
            "id": "1",
            "name": "Active Wear - Men",
            "description": "H+ ACTIVE Apparel-Men"
        },
        {
            "id": "3",
            "name": "Active Wear - Unisex",
            "description": "H+ ACTIVE Apparel-Unisex"
        },
        {
            "id": "2",
            "name": "Active Wear - Women",
            "description": "H+ ACTIVE Apparel-Women"
        },
        {
            "id": "4",
            "name": "Supplements",
            "description": "H+ POWER Supplements"
        },
        {
            "id": "19",
            "name": "test x name A",
            "description": "test x description A"
        }
    ]
}
]]></system-out>
  </testcase>
  <testcase name="createSerializedProduct" classname="trainingxyz.ApiTest" time="0.063">
    <system-out><![CDATA[{
    "message": "Product was created."
}
]]></system-out>
  </testcase>
  <testcase name="getHeaders" classname="trainingxyz.ApiTest" time="0.033">
    <system-out><![CDATA[Date: Sun, 12 Jan 2025 14:00:15 GMT
Server: Apache/2.2.31 (Win32) DAV/2 mod_ssl/2.2.31 OpenSSL/1.0.2h mod_fcgid/2.3.9 mod_wsgi/3.4 Python/2.7.6 PHP/7.4.1 mod_perl/2.0.8 Perl/v5.16.3
X-Powered-By: PHP/7.4.1
Access-Control-Allow-Origin: *
Access-Control-Allow-Headers: access
Access-Control-Allow-Methods: GET
Access-Control-Allow-Credentials: true
Content-Encoding: gzip
Vary: Accept-Encoding
Content-Length: 147
Keep-Alive: timeout=5, max=100
Connection: Keep-Alive
Content-Type: application/json
]]></system-out>
  </testcase>
  <testcase name="createProduct" classname="trainingxyz.ApiTest" time="0.045">
    <system-out><![CDATA[{
    "message": "Product was created."
}
]]></system-out>
  </testcase>
</testsuite>